Started GET "/" for ::1 at 2019-07-02 09:41:52 -0400
Processing by StaticPagesController#home as HTML
  Rendering static_pages/home.html.erb within layouts/application
  Rendered static_pages/home.html.erb within layouts/application (11.7ms)
Completed 500 Internal Server Error in 321ms (ActiveRecord: 0.0ms)


  
ActionView::Template::Error (undefined method `full_title' for #<#<Class:0x00005600aebc8e50>:0x00005600aebbc4c0>):
    1: <!DOCTYPE html>
    2: <html>
    3:   <head>
    4:     <title><%= full_title(yield(:title)) %></title>
    5:     <%= render 'layouts/default_rails' %>
    6:     <%= render 'layouts/shim' %>
    7:   </head>
  
app/views/layouts/application.html.erb:4:in `_app_views_layouts_application_html_erb__4357755161558526852_47280465650260'
Started GET "/" for ::1 at 2019-07-02 09:42:15 -0400
Processing by StaticPagesController#home as HTML
  Rendering static_pages/home.html.erb within layouts/application
  Rendered static_pages/home.html.erb within layouts/application (0.5ms)
  Rendered layouts/_default_rails.html.erb (905.0ms)
Completed 500 Internal Server Error in 986ms (ActiveRecord: 0.0ms)


  
ActionView::Template::Error (File to import not found or unreadable: bootstrap-sprockets.
Load paths:
  /home/addo/Desktop/static_page/app/assets/config
  /home/addo/Desktop/static_page/app/assets/images
  /home/addo/Desktop/static_page/app/assets/javascripts
  /home/addo/Desktop/static_page/app/assets/stylesheets
  /home/addo/.rbenv/versions/2.5.1/lib/ruby/gems/2.5.0/gems/coffee-rails-4.2.2/lib/assets/javascripts
  /home/addo/.rbenv/versions/2.5.1/lib/ruby/gems/2.5.0/gems/actioncable-5.2.3/lib/assets/compiled
  /home/addo/.rbenv/versions/2.5.1/lib/ruby/gems/2.5.0/gems/activestorage-5.2.3/app/assets/javascripts
  /home/addo/.rbenv/versions/2.5.1/lib/ruby/gems/2.5.0/gems/actionview-5.2.3/lib/assets/compiled
  /home/addo/.rbenv/versions/2.5.1/lib/ruby/gems/2.5.0/gems/turbolinks-source-5.2.0/lib/assets/javascripts
  /home/addo/Desktop/static_page/node_modules):
    1: <%= csrf_meta_tags %>
    2: <%= stylesheet_link_tag    'application', media: 'all','data-turbolinks-track': 'reload' %>
    3: <%= javascript_include_tag 'application', 'data-turbolinks-track': 'reload' %>
  
app/assets/stylesheets/custom.scss:1
app/views/layouts/_default_rails.html.erb:2:in `_app_views_layouts__default_rails_html_erb__925544942793093034_47280464948200'
app/views/layouts/application.html.erb:5:in `_app_views_layouts_application_html_erb__4357755161558526852_47280464906000'
Started GET "/" for ::1 at 2019-07-02 09:49:29 -0400
Processing by StaticPagesController#home as HTML
  Rendering static_pages/home.html.erb within layouts/application
  Rendered static_pages/home.html.erb within layouts/application (14.8ms)
Started GET "/" for ::1 at 2019-07-02 09:49:37 -0400
Processing by StaticPagesController#home as HTML
  Rendering static_pages/home.html.erb within layouts/application
  Rendered static_pages/home.html.erb within layouts/application (0.6ms)
  Rendered layouts/_default_rails.html.erb (13830.7ms)
  Rendered layouts/_default_rails.html.erb (6434.6ms)
  Rendered layouts/_shim.html.erb (0.6ms)
  Rendered layouts/_shim.html.erb (0.7ms)
  Rendered layouts/_header.html.erb (0.9ms)
  Rendered layouts/_header.html.erb (0.9ms)
  Rendered layouts/_footer.html.erb (0.7ms)
Completed 200 OK in 6511ms (Views: 6509.6ms | ActiveRecord: 0.0ms)


  Rendered layouts/_footer.html.erb (0.7ms)
Completed 200 OK in 14076ms (Views: 13994.3ms | ActiveRecord: 0.0ms)


Started GET "/" for ::1 at 2019-07-02 09:49:50 -0400
Processing by StaticPagesController#home as HTML
  Rendering static_pages/home.html.erb within layouts/application
  Rendered static_pages/home.html.erb within layouts/application (3.6ms)
  Rendered layouts/_default_rails.html.erb (66.8ms)
  Rendered layouts/_shim.html.erb (1.0ms)
  Rendered layouts/_header.html.erb (0.9ms)
  Rendered layouts/_footer.html.erb (0.9ms)
Completed 200 OK in 89ms (Views: 86.9ms | ActiveRecord: 0.0ms)


Started GET "/home" for ::1 at 2019-07-02 09:50:18 -0400
  
ActionController::RoutingError (No route matches [GET] "/home"):
  
actionpack (5.2.3) lib/action_dispatch/middleware/debug_exceptions.rb:65:in `call'
web-console (3.7.0) lib/web_console/middleware.rb:135:in `call_app'
web-console (3.7.0) lib/web_console/middleware.rb:30:in `block in call'
web-console (3.7.0) lib/web_console/middleware.rb:20:in `catch'
web-console (3.7.0) lib/web_console/middleware.rb:20:in `call'
actionpack (5.2.3) lib/action_dispatch/middleware/show_exceptions.rb:33:in `call'
railties (5.2.3) lib/rails/rack/logger.rb:38:in `call_app'
railties (5.2.3) lib/rails/rack/logger.rb:26:in `block in call'
activesupport (5.2.3) lib/active_support/tagged_logging.rb:71:in `block in tagged'
activesupport (5.2.3) lib/active_support/tagged_logging.rb:28:in `tagged'
activesupport (5.2.3) lib/active_support/tagged_logging.rb:71:in `tagged'
railties (5.2.3) lib/rails/rack/logger.rb:26:in `call'
sprockets-rails (3.2.1) lib/sprockets/rails/quiet_assets.rb:13:in `call'
actionpack (5.2.3) lib/action_dispatch/middleware/remote_ip.rb:81:in `call'
actionpack (5.2.3) lib/action_dispatch/middleware/request_id.rb:27:in `call'
rack (2.0.7) lib/rack/method_override.rb:22:in `call'
rack (2.0.7) lib/rack/runtime.rb:22:in `call'
activesupport (5.2.3) lib/active_support/cache/strategy/local_cache_middleware.rb:29:in `call'
actionpack (5.2.3) lib/action_dispatch/middleware/executor.rb:14:in `call'
actionpack (5.2.3) lib/action_dispatch/middleware/static.rb:127:in `call'
rack (2.0.7) lib/rack/sendfile.rb:111:in `call'
railties (5.2.3) lib/rails/engine.rb:524:in `call'
puma (3.12.1) lib/puma/configuration.rb:227:in `call'
puma (3.12.1) lib/puma/server.rb:660:in `handle_request'
puma (3.12.1) lib/puma/server.rb:474:in `process_client'
puma (3.12.1) lib/puma/server.rb:334:in `block in run'
puma (3.12.1) lib/puma/thread_pool.rb:135:in `block in spawn_thread'
Started GET "/static_pages/home" for ::1 at 2019-07-02 09:50:32 -0400
Processing by StaticPagesController#home as HTML
  Rendering static_pages/home.html.erb within layouts/application
  Rendered static_pages/home.html.erb within layouts/application (0.6ms)
  Rendered layouts/_default_rails.html.erb (65.1ms)
  Rendered layouts/_shim.html.erb (0.5ms)
  Rendered layouts/_header.html.erb (0.9ms)
  Rendered layouts/_footer.html.erb (0.8ms)
Completed 200 OK in 83ms (Views: 80.6ms | ActiveRecord: 0.0ms)


Started GET "/static_pages/home" for ::1 at 2019-07-02 09:52:03 -0400
Processing by StaticPagesController#home as HTML
  Rendering static_pages/home.html.erb within layouts/application
  Rendered static_pages/home.html.erb within layouts/application (10.8ms)
Completed 500 Internal Server Error in 18ms (ActiveRecord: 0.0ms)


  
ActionView::Template::Error (The asset "kitten.png" is not present in the asset pipeline.):
    13: <%= link_to image_tag("rails.png", alt: "Rails logo"),'http://rubyonrails.org/' %>
    14: 
    15: 
    16: <%= link_to image_tag("kitten.png", alt: "kitten logo"),'http://rubyonrails.org/' %>
  
app/views/static_pages/home.html.erb:16:in `_app_views_static_pages_home_html_erb___1200076253496367214_70358102087880'
Started GET "/static_pages/home" for ::1 at 2019-07-02 09:52:48 -0400
Processing by StaticPagesController#home as HTML
  Rendering static_pages/home.html.erb within layouts/application
  Rendered static_pages/home.html.erb within layouts/application (3.8ms)
  Rendered layouts/_default_rails.html.erb (46.8ms)
  Rendered layouts/_shim.html.erb (0.5ms)
  Rendered layouts/_header.html.erb (1.0ms)
  Rendered layouts/_footer.html.erb (0.9ms)
Completed 200 OK in 73ms (Views: 71.1ms | ActiveRecord: 0.0ms)


Started GET "/static_pages/home" for ::1 at 2019-07-02 09:53:06 -0400
Processing by StaticPagesController#home as HTML
  Rendering static_pages/home.html.erb within layouts/application
  Rendered static_pages/home.html.erb within layouts/application (7.9ms)
  Rendered layouts/_default_rails.html.erb (49.0ms)
  Rendered layouts/_shim.html.erb (0.6ms)
  Rendered layouts/_header.html.erb (1.1ms)
  Rendered layouts/_footer.html.erb (1.5ms)
Completed 200 OK in 77ms (Views: 75.6ms | ActiveRecord: 0.0ms)


Started GET "/static_pages/home" for ::1 at 2019-07-02 09:56:16 -0400
Processing by StaticPagesController#home as HTML
  Rendering static_pages/home.html.erb within layouts/application
  Rendered static_pages/home.html.erb within layouts/application (3.4ms)
  Rendered layouts/_default_rails.html.erb (2689.1ms)
  Rendered layouts/_shim.html.erb (0.5ms)
  Rendered layouts/_header.html.erb (0.8ms)
  Rendered layouts/_footer.html.erb (0.8ms)
Completed 200 OK in 2705ms (Views: 2703.0ms | ActiveRecord: 0.0ms)


Started GET "/static_pages/home" for ::1 at 2019-07-02 09:58:00 -0400
Processing by StaticPagesController#home as HTML
  Rendering static_pages/home.html.erb within layouts/application
  Rendered static_pages/home.html.erb within layouts/application (6.5ms)
  Rendered layouts/_default_rails.html.erb (2795.6ms)
  Rendered layouts/_shim.html.erb (0.6ms)
  Rendered layouts/_header.html.erb (0.9ms)
  Rendered layouts/_footer.html.erb (0.7ms)
Completed 200 OK in 2814ms (Views: 2812.5ms | ActiveRecord: 0.0ms)


